<?xml version="1.0" encoding="UTF-8"?>
<testsuite name="com.oracle.arrays.MultidimensionalTest" tests="2" skipped="0" failures="0" errors="0" timestamp="2022-09-13T19:45:14" hostname="LAPTOP-54J4I5KP" time="0.047">
  <properties/>
  <testcase name="getDataTest()" classname="com.oracle.arrays.MultidimensionalTest" time="0.04"/>
  <testcase name="getPositionTest()" classname="com.oracle.arrays.MultidimensionalTest" time="0.003"/>
  <system-out><![CDATA[]]></system-out>
  <system-err><![CDATA[]]></system-err>
</testsuite>
