<?xml version="1.0" encoding="UTF-8"?>
<testsuite name="com.oracle.arrays.UnidimensionalTest" tests="1" skipped="0" failures="0" errors="0" timestamp="2022-09-12T01:09:45" hostname="DESKTOP-M88OBDR" time="0.026">
  <properties/>
  <testcase name="ordenamientoTest()" classname="com.oracle.arrays.UnidimensionalTest" time="0.026"/>
  <system-out><![CDATA[]]></system-out>
  <system-err><![CDATA[]]></system-err>
</testsuite>
