<?xml version="1.0" encoding="UTF-8"?>
<testsuite name="com.oracle.arrays.UnidimensionalTest" tests="1" skipped="0" failures="0" errors="0" timestamp="2022-09-26T21:13:11" hostname="herrerxpc" time="0.536">
  <properties/>
  <testcase name="ordenamientoTest()" classname="com.oracle.arrays.UnidimensionalTest" time="0.536"/>
  <system-out><![CDATA[]]></system-out>
  <system-err><![CDATA[]]></system-err>
</testsuite>
