<?xml version="1.0" encoding="UTF-8"?>
<testsuite name="com.oracle.arrays.UnidimensionalTest" tests="1" skipped="0" failures="0" errors="0" timestamp="2022-09-13T01:56:58" hostname="aragorn" time="0.034">
  <properties/>
  <testcase name="ordenamientoTest()" classname="com.oracle.arrays.UnidimensionalTest" time="0.034"/>
  <system-out><![CDATA[]]></system-out>
  <system-err><![CDATA[]]></system-err>
</testsuite>
